
@----------------------------------------------------------@
|        PLINK!       |     v1.07      |   10/Aug/2009     |
|----------------------------------------------------------|
|  (C) 2009 Shaun Purcell, GNU General Public License, v2  |
|----------------------------------------------------------|
|  For documentation, citation & bug-report instructions:  |
|        http://pngu.mgh.harvard.edu/purcell/plink/        |
@----------------------------------------------------------@

Skipping web check... [ --noweb ] 
Writing this text to log file [ YRI2.log ]
Analysis started: Thu Oct 24 15:42:40 2013

Options in effect:
	--noweb
	--file YRI2
	--geno 0.99
	--hwe 0.001
	--maf 0.01
	--recode
	--out YRI2


ERROR: No file [ YRI2.ped ] exists.
