Mode    : Phaser
Options : --input-ped CEU17.ped CEU17.map -M /home/smilefreak/OtagoGalaxy/data/1kg/impute2/genetic_map_chr17_combined_b37.txt --output-max CEU17.phased --thread 2
Version : v2.r644
Date    : 14/08/2013 17:34:20

MODE -phase : PHASING GENOTYPE DATA
  * Autosome (chr1 ... chr22)
  * Window-based model (SHAPEIT v2)
  * MCMC iteration

Parameters :
  * Seed : 1376458460
  * Parallelisation: 2 threads
  * MCMC: 35 iterations [7 B + 8 P + 20 M]
  * Model: 100 states per window [100 H + 0 PM + 0 R] / Windows of ~2.0 Mb / Ne = 15000

Reading SNPs in [CEU17.map] in Plink MAP format
  * 12 SNPs included

Reading individuals and genotypes in [CEU17.ped] in Plink PED format where missing-code = [0]
  * 85 individuals included
  * 85 unrelateds / 0 duos / 0 trios in 85 different families

Reading genetic map in [/home/smilefreak/OtagoGalaxy/data/1kg/impute2/genetic_map_chr17_combined_b37.txt]
  * 73236 genetic positions found
  * #set=1 / #interpolated=11
  * Physical map [32.67 Mb -> 32.67 Mb] / Genetic map [55.97 cM -> 55.97 cM]

Checking missingness and MAF...
  * 0 individuals with high rates of missing data (>5%)
  * 0 SNPs with high rates of missing data (>5%)

Building graphs ... 

  * 85 graphs / 137 segments / ~7 SNPs per segment / 1345 transitions
  * 0 haploids / 85 unrelateds / 0 duos / 0 trios
  * 170 founder haplotypes

Sampling haplotypes


Burn-in iteration [1/7]

Burn-in iteration [2/7]

Burn-in iteration [3/7]

Burn-in iteration [4/7]

Burn-in iteration [5/7]

Burn-in iteration [6/7]

Burn-in iteration [7/7]

Pruning iteration [1/8]

Pruning iteration [2/8]

Pruning iteration [3/8]

Pruning iteration [4/8]

Pruning iteration [5/8]

Pruning iteration [6/8]

Pruning iteration [7/8]

Pruning iteration [8/8]

Pruning graphs

  * 85 graphs / 85 segments / ~12 SNPs per segment / 208 transitions
  * 0 haploids / 85 unrelateds / 0 duos / 0 trios
  * 170 founder haplotypes

Main iteration [1/20]

Main iteration [2/20]

Main iteration [3/20]

Main iteration [4/20]

Main iteration [5/20]

Main iteration [6/20]

Main iteration [7/20]

Main iteration [8/20]

Main iteration [9/20]

Main iteration [10/20]

Main iteration [11/20]

Main iteration [12/20]

Main iteration [13/20]

Main iteration [14/20]

Main iteration [15/20]

Main iteration [16/20]

Main iteration [17/20]

Main iteration [18/20]

Main iteration [19/20]

Main iteration [20/20]

Normalising graphs


Solving haplotypes


Writing sample information in [CEU17.phased.sample] in IMPUTE2 format

Writing haplotypes in [CEU17.phased.haps] in IMPUTE format

Running time: 1 seconds
