\BOOKMARK [1][-]{section.1}{Introduction}{}% 1
\BOOKMARK [1][-]{section.2}{Getting Started}{}% 2
\BOOKMARK [2][-]{subsection.2.1}{Prerequisites}{section.2}% 3
\BOOKMARK [2][-]{subsection.2.2}{Python dependencies}{section.2}% 4
\BOOKMARK [2][-]{subsection.2.3}{Downloading}{section.2}% 5
\BOOKMARK [2][-]{subsection.2.4}{Installation}{section.2}% 6
\BOOKMARK [2][-]{subsection.2.5}{Genetic Maps and Impute Haplotypes}{section.2}% 7
\BOOKMARK [2][-]{subsection.2.6}{Ancestral Fasta Files}{section.2}% 8
\BOOKMARK [1][-]{section.3}{Tutorial}{}% 9
\BOOKMARK [2][-]{subsection.3.1}{Selection Signatures at the Lactase Locus}{section.3}% 10
\BOOKMARK [3][-]{subsubsection.3.1.1}{Getting the Data}{subsection.3.1}% 11
\BOOKMARK [2][-]{subsection.3.2}{Setting up the Pipeline Run}{section.3}% 12
\BOOKMARK [2][-]{subsection.3.3}{Population Files}{section.3}% 13
\BOOKMARK [2][-]{subsection.3.4}{Run The Tutorial}{section.3}% 14
\BOOKMARK [2][-]{subsection.3.5}{Data Visualisation}{section.3}% 15
\BOOKMARK [3][-]{subsubsection.3.5.1}{Visualizing FST values}{subsection.3.5}% 16
\BOOKMARK [3][-]{subsubsection.3.5.2}{Fay and Wu's H}{subsection.3.5}% 17
\BOOKMARK [3][-]{subsubsection.3.5.3}{iHS}{subsection.3.5}% 18
\BOOKMARK [3][-]{subsubsection.3.5.4}{Tajima's D}{subsection.3.5}% 19
\BOOKMARK [3][-]{subsubsection.3.5.5}{Rsb}{subsection.3.5}% 20
\BOOKMARK [1][-]{section.4}{Output Files}{}% 21
\BOOKMARK [2][-]{subsection.4.1}{multi\137population}{section.4}% 22
\BOOKMARK [3][-]{subsubsection.4.1.1}{Fst}{subsection.4.1}% 23
\BOOKMARK [2][-]{subsection.4.2}{selection\137pipeline}{section.4}% 24
\BOOKMARK [3][-]{subsubsection.4.2.1}{Fay and Wu's H}{subsection.4.2}% 25
\BOOKMARK [3][-]{subsubsection.4.2.2}{iHS}{subsection.4.2}% 26
\BOOKMARK [3][-]{subsubsection.4.2.3}{iHH}{subsection.4.2}% 27
\BOOKMARK [3][-]{subsubsection.4.2.4}{Tajima's D}{subsection.4.2}% 28
\BOOKMARK [1][-]{section.5}{Command line Arguments}{}% 29
\BOOKMARK [2][-]{subsection.5.1}{Multipopulation}{section.5}% 30
\BOOKMARK [3][-]{subsubsection.5.1.1}{Input Files}{subsection.5.1}% 31
\BOOKMARK [3][-]{subsubsection.5.1.2}{Output Files}{subsection.5.1}% 32
\BOOKMARK [3][-]{subsubsection.5.1.3}{Other parameters \(Compulsory\)}{subsection.5.1}% 33
\BOOKMARK [3][-]{subsubsection.5.1.4}{Other parameters \(Optional\)}{subsection.5.1}% 34
\BOOKMARK [2][-]{subsection.5.2}{Selection Pipeline}{section.5}% 35
\BOOKMARK [3][-]{subsubsection.5.2.1}{Input Files}{subsection.5.2}% 36
\BOOKMARK [3][-]{subsubsection.5.2.2}{Output Files}{subsection.5.2}% 37
\BOOKMARK [3][-]{subsubsection.5.2.3}{Other parameters\(Compulsory\)}{subsection.5.2}% 38
\BOOKMARK [3][-]{subsubsection.5.2.4}{Other parameters\(Optional\)}{subsection.5.2}% 39
\BOOKMARK [2][-]{subsection.5.3}{Ancestral Annotation}{section.5}% 40
\BOOKMARK [3][-]{subsubsection.5.3.1}{Input Files}{subsection.5.3}% 41
\BOOKMARK [3][-]{subsubsection.5.3.2}{Output Files}{subsection.5.3}% 42
\BOOKMARK [3][-]{subsubsection.5.3.3}{Other parameters}{subsection.5.3}% 43
\BOOKMARK [2][-]{subsection.5.4}{Configuration File}{section.5}% 44
\BOOKMARK [3][-]{subsubsection.5.4.1}{system}{subsection.5.4}% 45
\BOOKMARK [3][-]{subsubsection.5.4.2}{environment}{subsection.5.4}% 46
\BOOKMARK [3][-]{subsubsection.5.4.3}{selection\137pipeline}{subsection.5.4}% 47
\BOOKMARK [3][-]{subsubsection.5.4.4}{vcf\137tools}{subsection.5.4}% 48
\BOOKMARK [3][-]{subsubsection.5.4.5}{shapeit}{subsection.5.4}% 49
\BOOKMARK [3][-]{subsubsection.5.4.6}{impute2}{subsection.5.4}% 50
\BOOKMARK [3][-]{subsubsection.5.4.7}{plink}{subsection.5.4}% 51
\BOOKMARK [3][-]{subsubsection.5.4.8}{Rscript}{subsection.5.4}% 52
\BOOKMARK [3][-]{subsubsection.5.4.9}{python}{subsection.5.4}% 53
\BOOKMARK [3][-]{subsubsection.5.4.10}{ancestral\137allele}{subsection.5.4}% 54
\BOOKMARK [3][-]{subsubsection.5.4.11}{qctool}{subsection.5.4}% 55
\BOOKMARK [3][-]{subsubsection.5.4.12}{multicore\137ihh}{subsection.5.4}% 56
\BOOKMARK [1][-]{section.6}{Log Files}{}% 57
\BOOKMARK [2][-]{subsection.6.1}{multi\137population}{section.6}% 58
\BOOKMARK [2][-]{subsection.6.2}{selection\137pipeline}{section.6}% 59
\BOOKMARK [1][-]{section.7}{Extra Features}{}% 60
\BOOKMARK [2][-]{subsection.7.1}{Galaxy Intergration}{section.7}% 61
\BOOKMARK [1][-]{section.8}{F.A.Q}{}% 62
